[debug] [2023-03-10T04:51:33.121Z] ----------------------------------------------------------------------
[debug] [2023-03-10T04:51:33.123Z] Command:       C:\Program Files\nodejs\node.exe C:\Users\Ben Riekes\AppData\Roaming\npm\node_modules\firebase-tools\lib\bin\firebase.js deploy --only functions
[debug] [2023-03-10T04:51:33.123Z] CLI Version:   11.24.1
[debug] [2023-03-10T04:51:33.123Z] Platform:      win32
[debug] [2023-03-10T04:51:33.123Z] Node Version:  v16.14.2
[debug] [2023-03-10T04:51:33.124Z] Time:          Thu Mar 09 2023 20:51:33 GMT-0800 (Pacific Standard Time)
[debug] [2023-03-10T04:51:33.124Z] ----------------------------------------------------------------------
[debug] 
[debug] [2023-03-10T04:51:33.181Z] > command requires scopes: ["email","openid","https://www.googleapis.com/auth/cloudplatformprojects.readonly","https://www.googleapis.com/auth/firebase","https://www.googleapis.com/auth/cloud-platform"]
[debug] [2023-03-10T04:51:33.182Z] > authorizing via signed-in user (ben.riekes@gmail.com)
[debug] [2023-03-10T04:51:33.182Z] [iam] checking project score-scope for permissions ["cloudfunctions.functions.create","cloudfunctions.functions.delete","cloudfunctions.functions.get","cloudfunctions.functions.list","cloudfunctions.functions.update","cloudfunctions.operations.get","firebase.projects.get"]
[debug] [2023-03-10T04:51:33.184Z] >>> [apiv2][query] POST https://cloudresourcemanager.googleapis.com/v1/projects/score-scope:testIamPermissions [none]
[debug] [2023-03-10T04:51:33.184Z] >>> [apiv2][(partial)header] POST https://cloudresourcemanager.googleapis.com/v1/projects/score-scope:testIamPermissions x-goog-quota-user=projects/score-scope
[debug] [2023-03-10T04:51:33.184Z] >>> [apiv2][body] POST https://cloudresourcemanager.googleapis.com/v1/projects/score-scope:testIamPermissions {"permissions":["cloudfunctions.functions.create","cloudfunctions.functions.delete","cloudfunctions.functions.get","cloudfunctions.functions.list","cloudfunctions.functions.update","cloudfunctions.operations.get","firebase.projects.get"]}
[debug] [2023-03-10T04:51:33.408Z] <<< [apiv2][status] POST https://cloudresourcemanager.googleapis.com/v1/projects/score-scope:testIamPermissions 200
[debug] [2023-03-10T04:51:33.409Z] <<< [apiv2][body] POST https://cloudresourcemanager.googleapis.com/v1/projects/score-scope:testIamPermissions {"permissions":["cloudfunctions.functions.create","cloudfunctions.functions.delete","cloudfunctions.functions.get","cloudfunctions.functions.list","cloudfunctions.functions.update","cloudfunctions.operations.get","firebase.projects.get"]}
[debug] [2023-03-10T04:51:33.409Z] >>> [apiv2][query] POST https://iam.googleapis.com/v1/projects/score-scope/serviceAccounts/score-scope@appspot.gserviceaccount.com:testIamPermissions [none]
[debug] [2023-03-10T04:51:33.409Z] >>> [apiv2][body] POST https://iam.googleapis.com/v1/projects/score-scope/serviceAccounts/score-scope@appspot.gserviceaccount.com:testIamPermissions {"permissions":["iam.serviceAccounts.actAs"]}
[debug] [2023-03-10T04:51:33.533Z] <<< [apiv2][status] POST https://iam.googleapis.com/v1/projects/score-scope/serviceAccounts/score-scope@appspot.gserviceaccount.com:testIamPermissions 200
[debug] [2023-03-10T04:51:33.533Z] <<< [apiv2][body] POST https://iam.googleapis.com/v1/projects/score-scope/serviceAccounts/score-scope@appspot.gserviceaccount.com:testIamPermissions {"permissions":["iam.serviceAccounts.actAs"]}
[info] 
[info] === Deploying to 'score-scope'...
[info] 
[info] i  deploying functions 
[info] Running command: npm --prefix "$RESOURCE_DIR" run lint
[info] +  functions: Finished running predeploy script. 
[debug] [2023-03-10T04:51:34.908Z] >>> [apiv2][query] GET https://firebase.googleapis.com/v1beta1/projects/score-scope [none]
[debug] [2023-03-10T04:51:35.254Z] <<< [apiv2][status] GET https://firebase.googleapis.com/v1beta1/projects/score-scope 200
[debug] [2023-03-10T04:51:35.254Z] <<< [apiv2][body] GET https://firebase.googleapis.com/v1beta1/projects/score-scope {"projectId":"score-scope","projectNumber":"58856197765","displayName":"score-scope","name":"projects/score-scope","resources":{"hostingSite":"score-scope","storageBucket":"score-scope.appspot.com","locationId":"us-central"},"state":"ACTIVE","etag":"1_e796ecf3-96c5-4c56-ba9b-29e92e5a7c65"}
[info] i  functions: preparing codebase default for deployment 
[info] i  functions: ensuring required API cloudfunctions.googleapis.com is enabled... 
[info] i  functions: ensuring required API cloudbuild.googleapis.com is enabled... 
[info] i  artifactregistry: ensuring required API artifactregistry.googleapis.com is enabled... 
[debug] [2023-03-10T04:51:35.258Z] >>> [apiv2][query] GET https://serviceusage.googleapis.com/v1/projects/score-scope/services/cloudfunctions.googleapis.com [none]
[debug] [2023-03-10T04:51:35.258Z] >>> [apiv2][(partial)header] GET https://serviceusage.googleapis.com/v1/projects/score-scope/services/cloudfunctions.googleapis.com x-goog-quota-user=projects/score-scope
[debug] [2023-03-10T04:51:35.260Z] >>> [apiv2][query] GET https://serviceusage.googleapis.com/v1/projects/score-scope/services/runtimeconfig.googleapis.com [none]
[debug] [2023-03-10T04:51:35.260Z] >>> [apiv2][(partial)header] GET https://serviceusage.googleapis.com/v1/projects/score-scope/services/runtimeconfig.googleapis.com x-goog-quota-user=projects/score-scope
[debug] [2023-03-10T04:51:35.261Z] >>> [apiv2][query] GET https://serviceusage.googleapis.com/v1/projects/score-scope/services/cloudbuild.googleapis.com [none]
[debug] [2023-03-10T04:51:35.261Z] >>> [apiv2][(partial)header] GET https://serviceusage.googleapis.com/v1/projects/score-scope/services/cloudbuild.googleapis.com x-goog-quota-user=projects/score-scope
[debug] [2023-03-10T04:51:35.261Z] >>> [apiv2][query] GET https://serviceusage.googleapis.com/v1/projects/score-scope/services/artifactregistry.googleapis.com [none]
[debug] [2023-03-10T04:51:35.262Z] >>> [apiv2][(partial)header] GET https://serviceusage.googleapis.com/v1/projects/score-scope/services/artifactregistry.googleapis.com x-goog-quota-user=projects/score-scope
[debug] [2023-03-10T04:51:35.708Z] <<< [apiv2][status] GET https://serviceusage.googleapis.com/v1/projects/score-scope/services/cloudbuild.googleapis.com 200
[debug] [2023-03-10T04:51:35.708Z] <<< [apiv2][body] GET https://serviceusage.googleapis.com/v1/projects/score-scope/services/cloudbuild.googleapis.com [omitted]
[info] +  functions: required API cloudbuild.googleapis.com is enabled 
[debug] [2023-03-10T04:51:35.710Z] <<< [apiv2][status] GET https://serviceusage.googleapis.com/v1/projects/score-scope/services/artifactregistry.googleapis.com 200
[debug] [2023-03-10T04:51:35.710Z] <<< [apiv2][body] GET https://serviceusage.googleapis.com/v1/projects/score-scope/services/artifactregistry.googleapis.com [omitted]
[info] +  artifactregistry: required API artifactregistry.googleapis.com is enabled 
[debug] [2023-03-10T04:51:35.711Z] <<< [apiv2][status] GET https://serviceusage.googleapis.com/v1/projects/score-scope/services/cloudfunctions.googleapis.com 200
[debug] [2023-03-10T04:51:35.711Z] <<< [apiv2][body] GET https://serviceusage.googleapis.com/v1/projects/score-scope/services/cloudfunctions.googleapis.com [omitted]
[info] +  functions: required API cloudfunctions.googleapis.com is enabled 
[debug] [2023-03-10T04:51:35.713Z] <<< [apiv2][status] GET https://serviceusage.googleapis.com/v1/projects/score-scope/services/runtimeconfig.googleapis.com 200
[debug] [2023-03-10T04:51:35.713Z] <<< [apiv2][body] GET https://serviceusage.googleapis.com/v1/projects/score-scope/services/runtimeconfig.googleapis.com [omitted]
[debug] [2023-03-10T04:51:35.713Z] >>> [apiv2][query] GET https://firebase.googleapis.com/v1beta1/projects/score-scope/adminSdkConfig [none]
[debug] [2023-03-10T04:51:35.937Z] <<< [apiv2][status] GET https://firebase.googleapis.com/v1beta1/projects/score-scope/adminSdkConfig 200
[debug] [2023-03-10T04:51:35.937Z] <<< [apiv2][body] GET https://firebase.googleapis.com/v1beta1/projects/score-scope/adminSdkConfig {"projectId":"score-scope","storageBucket":"score-scope.appspot.com","locationId":"us-central"}
[debug] [2023-03-10T04:51:35.938Z] >>> [apiv2][query] GET https://runtimeconfig.googleapis.com/v1beta1/projects/score-scope/configs [none]
[debug] [2023-03-10T04:51:36.135Z] <<< [apiv2][status] GET https://runtimeconfig.googleapis.com/v1beta1/projects/score-scope/configs 200
[debug] [2023-03-10T04:51:36.135Z] <<< [apiv2][body] GET https://runtimeconfig.googleapis.com/v1beta1/projects/score-scope/configs {}
[debug] [2023-03-10T04:51:36.137Z] Validating nodejs source
[debug] [2023-03-10T04:51:37.244Z] > [functions] package.json contents: {
  "name": "functions",
  "description": "Cloud Functions for Firebase",
  "scripts": {
    "lint": "eslint .",
    "serve": "firebase emulators:start --only functions",
    "shell": "firebase functions:shell",
    "start": "npm run shell",
    "deploy": "firebase deploy --only functions",
    "logs": "firebase functions:log"
  },
  "engines": {
    "node": "16"
  },
  "main": "index.js",
  "dependencies": {
    "ethereumjs-wallet": "^1.0.2",
    "firebase-admin": "^11.5.0",
    "firebase-functions": "^4.2.1"
  },
  "devDependencies": {
    "eslint": "^8.15.0",
    "eslint-config-google": "^0.14.0",
    "firebase-functions-test": "^3.0.0"
  },
  "private": true
}
[debug] [2023-03-10T04:51:37.245Z] Building nodejs source
[debug] [2023-03-10T04:51:37.245Z] Could not find functions.yaml. Must use http discovery
[debug] [2023-03-10T04:51:37.252Z] Found firebase-functions binary at 'C:\Users\Ben Riekes\Desktop\score-scope\score-scope\functions\node_modules\.bin\firebase-functions'
[debug] [2023-03-10T04:51:37.452Z] Serving at port 8158

[debug] [2023-03-10T04:51:37.770Z] Got response from /__/functions.yaml {"endpoints":{"createUser":{"platform":"gcfv1","labels":{},"availableMemoryMb":null,"timeoutSeconds":null,"minInstances":null,"maxInstances":null,"ingressSettings":null,"serviceAccountEmail":null,"vpc":null,"callableTrigger":{},"entryPoint":"createUser"}},"specVersion":"v1alpha1","requiredAPIs":[]}
[debug] [2023-03-10T04:51:37.776Z] shutdown requested via /__/quitquitquit

[info] i  functions: preparing functions directory for uploading... 
[info] i  functions: packaged C:\Users\Ben Riekes\Desktop\score-scope\score-scope\functions (89.52 KB) for uploading 
[debug] [2023-03-10T04:51:37.825Z] >>> [apiv2][query] GET https://cloudfunctions.googleapis.com/v1/projects/score-scope/locations/-/functions [none]
[debug] [2023-03-10T04:51:38.774Z] <<< [apiv2][status] GET https://cloudfunctions.googleapis.com/v1/projects/score-scope/locations/-/functions 200
[debug] [2023-03-10T04:51:38.774Z] <<< [apiv2][body] GET https://cloudfunctions.googleapis.com/v1/projects/score-scope/locations/-/functions {}
[debug] [2023-03-10T04:51:38.776Z] >>> [apiv2][query] GET https://cloudfunctions.googleapis.com/v2/projects/score-scope/locations/-/functions filter=environment%3D%22GEN_2%22
[debug] [2023-03-10T04:51:39.454Z] <<< [apiv2][status] GET https://cloudfunctions.googleapis.com/v2/projects/score-scope/locations/-/functions 200
[debug] [2023-03-10T04:51:39.454Z] <<< [apiv2][body] GET https://cloudfunctions.googleapis.com/v2/projects/score-scope/locations/-/functions {}
[debug] [2023-03-10T04:51:39.459Z] >>> [apiv2][query] GET https://firebase.googleapis.com/v1beta1/projects/score-scope [none]
[debug] [2023-03-10T04:51:39.816Z] <<< [apiv2][status] GET https://firebase.googleapis.com/v1beta1/projects/score-scope 200
[debug] [2023-03-10T04:51:39.816Z] <<< [apiv2][body] GET https://firebase.googleapis.com/v1beta1/projects/score-scope {"projectId":"score-scope","projectNumber":"58856197765","displayName":"score-scope","name":"projects/score-scope","resources":{"hostingSite":"score-scope","storageBucket":"score-scope.appspot.com","locationId":"us-central"},"state":"ACTIVE","etag":"1_e796ecf3-96c5-4c56-ba9b-29e92e5a7c65"}
[debug] [2023-03-10T04:51:39.817Z] >>> [apiv2][query] POST https://cloudfunctions.googleapis.com/v1/projects/score-scope/locations/us-central1/functions:generateUploadUrl [none]
[debug] [2023-03-10T04:51:39.817Z] >>> [apiv2][body] POST https://cloudfunctions.googleapis.com/v1/projects/score-scope/locations/us-central1/functions:generateUploadUrl {}
[debug] [2023-03-10T04:51:40.479Z] <<< [apiv2][status] POST https://cloudfunctions.googleapis.com/v1/projects/score-scope/locations/us-central1/functions:generateUploadUrl 200
[debug] [2023-03-10T04:51:40.480Z] <<< [apiv2][body] POST https://cloudfunctions.googleapis.com/v1/projects/score-scope/locations/us-central1/functions:generateUploadUrl {"uploadUrl":"https://storage.googleapis.com/uploads-973601471049.us-central1.cloudfunctions.appspot.com/27f1bbda-eabc-4f81-9eb2-d1c033e4d2fe.zip?GoogleAccessId=service-58856197765@gcf-admin-robot.iam.gserviceaccount.com&Expires=1678425700&Signature=nAc9bKIkwgB1hus0b1gI0j7kGo%2FJak6sRsQzu%2FKE57VY9X8TvmDGA4uSTW6zk40Xe3FGI7stYaEaHGE3AOLedbpF2WwXeLnSZEvS7hypXPP%2BTiWh9OkLBH1vEE%2B7YKLmNh4lLijSxjT9H9tVjZEj%2BMLYZ2MUROUyQIG3b1G1FaF3cnlCzRLOf3CAyjD%2B4qRBCuYuhpm0DaZY4ZuKflh3PooeptvDjYNl9RC0beUy%2BvzpPbMUZ620rEgqqRwdYvrQIZptUqMInUg1EzTPsjunAxQ%2FmSuwtihtFjQiJhg1X6dp01SjD0LU7Z10s7Zsxao5A8woVDrbB29%2FN8dj9ghIgg%3D%3D"}
[debug] [2023-03-10T04:51:40.480Z] >>> [apiv2][query] PUT https://storage.googleapis.com/uploads-973601471049.us-central1.cloudfunctions.appspot.com/27f1bbda-eabc-4f81-9eb2-d1c033e4d2fe.zip GoogleAccessId=service-58856197765%40gcf-admin-robot.iam.gserviceaccount.com&Expires=1678425700&Signature=nAc9bKIkwgB1hus0b1gI0j7kGo%2FJak6sRsQzu%2FKE57VY9X8TvmDGA4uSTW6zk40Xe3FGI7stYaEaHGE3AOLedbpF2WwXeLnSZEvS7hypXPP%2BTiWh9OkLBH1vEE%2B7YKLmNh4lLijSxjT9H9tVjZEj%2BMLYZ2MUROUyQIG3b1G1FaF3cnlCzRLOf3CAyjD%2B4qRBCuYuhpm0DaZY4ZuKflh3PooeptvDjYNl9RC0beUy%2BvzpPbMUZ620rEgqqRwdYvrQIZptUqMInUg1EzTPsjunAxQ%2FmSuwtihtFjQiJhg1X6dp01SjD0LU7Z10s7Zsxao5A8woVDrbB29%2FN8dj9ghIgg%3D%3D
[debug] [2023-03-10T04:51:40.480Z] >>> [apiv2][body] PUT https://storage.googleapis.com/uploads-973601471049.us-central1.cloudfunctions.appspot.com/27f1bbda-eabc-4f81-9eb2-d1c033e4d2fe.zip [stream]
[debug] [2023-03-10T04:51:40.734Z] <<< [apiv2][status] PUT https://storage.googleapis.com/uploads-973601471049.us-central1.cloudfunctions.appspot.com/27f1bbda-eabc-4f81-9eb2-d1c033e4d2fe.zip 200
[debug] [2023-03-10T04:51:40.734Z] <<< [apiv2][body] PUT https://storage.googleapis.com/uploads-973601471049.us-central1.cloudfunctions.appspot.com/27f1bbda-eabc-4f81-9eb2-d1c033e4d2fe.zip [omitted]
[info] +  functions: functions folder uploaded successfully 
[info] i  functions: creating Node.js 16 function createUser(us-central1)... 
[debug] [2023-03-10T04:51:40.740Z] >>> [apiv2][query] POST https://cloudfunctions.googleapis.com/v1/projects/score-scope/locations/us-central1/functions [none]
[debug] [2023-03-10T04:51:40.740Z] >>> [apiv2][body] POST https://cloudfunctions.googleapis.com/v1/projects/score-scope/locations/us-central1/functions {"name":"projects/score-scope/locations/us-central1/functions/createUser","sourceUploadUrl":"https://storage.googleapis.com/uploads-973601471049.us-central1.cloudfunctions.appspot.com/27f1bbda-eabc-4f81-9eb2-d1c033e4d2fe.zip?GoogleAccessId=service-58856197765@gcf-admin-robot.iam.gserviceaccount.com&Expires=1678425700&Signature=nAc9bKIkwgB1hus0b1gI0j7kGo%2FJak6sRsQzu%2FKE57VY9X8TvmDGA4uSTW6zk40Xe3FGI7stYaEaHGE3AOLedbpF2WwXeLnSZEvS7hypXPP%2BTiWh9OkLBH1vEE%2B7YKLmNh4lLijSxjT9H9tVjZEj%2BMLYZ2MUROUyQIG3b1G1FaF3cnlCzRLOf3CAyjD%2B4qRBCuYuhpm0DaZY4ZuKflh3PooeptvDjYNl9RC0beUy%2BvzpPbMUZ620rEgqqRwdYvrQIZptUqMInUg1EzTPsjunAxQ%2FmSuwtihtFjQiJhg1X6dp01SjD0LU7Z10s7Zsxao5A8woVDrbB29%2FN8dj9ghIgg%3D%3D","entryPoint":"createUser","runtime":"nodejs16","dockerRegistry":"ARTIFACT_REGISTRY","labels":{"deployment-tool":"cli-firebase","deployment-callable":"true","firebase-functions-hash":"db32807af02e25b4fda7360374630d4aabfc3a42"},"httpsTrigger":{"securityLevel":"SECURE_ALWAYS"},"minInstances":null,"maxInstances":null,"ingressSettings":null,"environmentVariables":{"FIREBASE_CONFIG":"{\"projectId\":\"score-scope\",\"storageBucket\":\"score-scope.appspot.com\",\"locationId\":\"us-central\"}","GCLOUD_PROJECT":"score-scope","EVENTARC_CLOUD_EVENT_SOURCE":"projects/score-scope/locations/us-central1/functions/createUser"},"serviceAccountEmail":null,"availableMemoryMb":null,"timeout":null,"vpcConnector":null,"vpcConnectorEgressSettings":null}
[debug] [2023-03-10T04:51:41.014Z] <<< [apiv2][status] POST https://cloudfunctions.googleapis.com/v1/projects/score-scope/locations/us-central1/functions 403
[debug] [2023-03-10T04:51:41.015Z] <<< [apiv2][body] POST https://cloudfunctions.googleapis.com/v1/projects/score-scope/locations/us-central1/functions {"error":{"code":403,"message":"Unable to retrieve the repository metadata for projects/score-scope/locations/us-central1/repositories/gcf-artifacts. Ensure that the Cloud Functions service account has 'artifactregistry.repositories.list' and 'artifactregistry.repositories.get' permissions. You can add the permissions by granting the role 'roles/artifactregistry.reader'.","status":"PERMISSION_DENIED"}}
[warn] !  functions: failed to create function projects/score-scope/locations/us-central1/functions/createUser 
[error] Failed to create function projects/score-scope/locations/us-central1/functions/createUser
[debug] [2023-03-10T04:51:41.019Z] Total Function Deployment time: 279
[debug] [2023-03-10T04:51:41.019Z] 1 Functions Deployed
[debug] [2023-03-10T04:51:41.019Z] 1 Functions Errored
[debug] [2023-03-10T04:51:41.019Z] 0 Function Deployments Aborted
[debug] [2023-03-10T04:51:41.019Z] Average Function Deployment time: 278
[info] 
[info] Functions deploy had errors with the following functions:
	createUser(us-central1)
[info] i  functions: cleaning up build files... 
[debug] [2023-03-10T04:51:41.110Z] >>> [apiv2][query] DELETE https://artifactregistry.googleapis.com/v1beta2/projects/score-scope/locations/us-central1/repositories/gcf-artifacts/packages/create_user [none]
[debug] [2023-03-10T04:51:41.111Z] >>> [apiv2][query] GET https://us.gcr.io/v2/score-scope/gcf/us-central1/tags/list [none]
[debug] [2023-03-10T04:51:41.360Z] <<< [apiv2][status] GET https://us.gcr.io/v2/score-scope/gcf/us-central1/tags/list 200
[debug] [2023-03-10T04:51:41.360Z] <<< [apiv2][body] GET https://us.gcr.io/v2/score-scope/gcf/us-central1/tags/list {"child":[],"manifest":{},"name":"score-scope/gcf/us-central1","tags":[]}
[debug] [2023-03-10T04:51:41.360Z] Could not find image for function projects/score-scope/locations/us-central1/functions/createUser
[debug] [2023-03-10T04:51:41.470Z] <<< [apiv2][status] DELETE https://artifactregistry.googleapis.com/v1beta2/projects/score-scope/locations/us-central1/repositories/gcf-artifacts/packages/create_user 404
[debug] [2023-03-10T04:51:41.470Z] <<< [apiv2][body] DELETE https://artifactregistry.googleapis.com/v1beta2/projects/score-scope/locations/us-central1/repositories/gcf-artifacts/packages/create_user {"error":{"code":404,"message":"Package \"projects/score-scope/locations/us-central1/repositories/gcf-artifacts/packages/create_user\" was not found.","status":"NOT_FOUND"}}
[debug] [2023-03-10T04:51:41.470Z] Functions deploy failed.
[debug] [2023-03-10T04:51:41.470Z] {
  "endpoint": {
    "id": "createUser",
    "project": "score-scope",
    "region": "us-central1",
    "entryPoint": "createUser",
    "platform": "gcfv1",
    "runtime": "nodejs16",
    "callableTrigger": {},
    "labels": {
      "deployment-tool": "cli-firebase"
    },
    "serviceAccount": null,
    "ingressSettings": null,
    "availableMemoryMb": null,
    "timeoutSeconds": null,
    "maxInstances": null,
    "minInstances": null,
    "vpc": null,
    "environmentVariables": {
      "FIREBASE_CONFIG": "{\"projectId\":\"score-scope\",\"storageBucket\":\"score-scope.appspot.com\",\"locationId\":\"us-central\"}",
      "GCLOUD_PROJECT": "score-scope",
      "EVENTARC_CLOUD_EVENT_SOURCE": "projects/score-scope/locations/us-central1/functions/createUser"
    },
    "codebase": "default",
    "targetedByOnly": false,
    "hash": "db32807af02e25b4fda7360374630d4aabfc3a42"
  },
  "op": "create",
  "original": {
    "name": "FirebaseError",
    "children": [],
    "context": {
      "function": "projects/score-scope/locations/us-central1/functions/createUser"
    },
    "exit": 1,
    "message": "Failed to create function projects/score-scope/locations/us-central1/functions/createUser",
    "original": {
      "name": "FirebaseError",
      "children": [],
      "context": {
        "body": {
          "error": {
            "code": 403,
            "message": "Unable to retrieve the repository metadata for projects/score-scope/locations/us-central1/repositories/gcf-artifacts. Ensure that the Cloud Functions service account has 'artifactregistry.repositories.list' and 'artifactregistry.repositories.get' permissions. You can add the permissions by granting the role 'roles/artifactregistry.reader'.",
            "status": "PERMISSION_DENIED"
          }
        },
        "response": {
          "statusCode": 403
        }
      },
      "exit": 1,
      "message": "HTTP Error: 403, Unable to retrieve the repository metadata for projects/score-scope/locations/us-central1/repositories/gcf-artifacts. Ensure that the Cloud Functions service account has 'artifactregistry.repositories.list' and 'artifactregistry.repositories.get' permissions. You can add the permissions by granting the role 'roles/artifactregistry.reader'.",
      "status": 403
    },
    "status": 500
  }
}
[debug] [2023-03-10T04:51:41.554Z] Error: Failed to create function createUser in region us-central1
    at C:\Users\Ben Riekes\AppData\Roaming\npm\node_modules\firebase-tools\lib\deploy\functions\release\fabricator.js:48:11
    at runMicrotasks (<anonymous>)
    at processTicksAndRejections (node:internal/process/task_queues:96:5)
    at async Fabricator.createV1Function (C:\Users\Ben Riekes\AppData\Roaming\npm\node_modules\firebase-tools\lib\deploy\functions\release\fabricator.js:177:32)
    at async Fabricator.createEndpoint (C:\Users\Ben Riekes\AppData\Roaming\npm\node_modules\firebase-tools\lib\deploy\functions\release\fabricator.js:129:13)
    at async handle (C:\Users\Ben Riekes\AppData\Roaming\npm\node_modules\firebase-tools\lib\deploy\functions\release\fabricator.js:85:17)
[error] 
[error] Error: There was an error deploying functions
